[2025-03-23T19:23:46.123+0000] {local_task_job_runner.py:123} INFO - ::group::Pre task execution logs
[2025-03-23T19:23:46.144+0000] {taskinstance.py:2614} INFO - Dependencies all met for dep_context=non-requeueable deps ti=<TaskInstance: data_pipeline.upload_to_gcs scheduled__2025-03-23T18:00:00+00:00 [queued]>
[2025-03-23T19:23:46.157+0000] {taskinstance.py:2614} INFO - Dependencies all met for dep_context=requeueable deps ti=<TaskInstance: data_pipeline.upload_to_gcs scheduled__2025-03-23T18:00:00+00:00 [queued]>
[2025-03-23T19:23:46.158+0000] {taskinstance.py:2867} INFO - Starting attempt 1 of 2
[2025-03-23T19:23:46.188+0000] {taskinstance.py:2890} INFO - Executing <Task(PythonOperator): upload_to_gcs> on 2025-03-23 18:00:00+00:00
[2025-03-23T19:23:46.213+0000] {standard_task_runner.py:72} INFO - Started process 173 to run task
[2025-03-23T19:23:46.217+0000] {standard_task_runner.py:104} INFO - Running: ['airflow', 'tasks', 'run', 'data_pipeline', 'upload_to_gcs', 'scheduled__2025-03-23T18:00:00+00:00', '--job-id', '8', '--raw', '--subdir', 'DAGS_FOLDER/data_pipeline.py', '--cfg-path', '/tmp/tmpgvtnr56o']
[2025-03-23T19:23:46.222+0000] {standard_task_runner.py:105} INFO - Job 8: Subtask upload_to_gcs
[2025-03-23T19:23:46.250+0000] {logging_mixin.py:190} WARNING - /home/airflow/.local/lib/python3.12/site-packages/airflow/settings.py:209 DeprecationWarning: The sql_alchemy_conn option in [core] has been moved to the sql_alchemy_conn option in [database] - the old setting has been used, but please update your config.
[2025-03-23T19:23:46.294+0000] {task_command.py:467} INFO - Running <TaskInstance: data_pipeline.upload_to_gcs scheduled__2025-03-23T18:00:00+00:00 [running]> on host 22e98b2d0fd5
[2025-03-23T19:23:46.296+0000] {logging_mixin.py:190} WARNING - /home/airflow/.local/lib/python3.12/site-packages/airflow/settings.py:470 DeprecationWarning: The sql_alchemy_conn option in [core] has been moved to the sql_alchemy_conn option in [database] - the old setting has been used, but please update your config.
[2025-03-23T19:23:46.406+0000] {taskinstance.py:3134} INFO - Exporting env vars: AIRFLOW_CTX_DAG_EMAIL='botorat3@gmail.com' AIRFLOW_CTX_DAG_OWNER='airflow' AIRFLOW_CTX_DAG_ID='data_pipeline' AIRFLOW_CTX_TASK_ID='upload_to_gcs' AIRFLOW_CTX_EXECUTION_DATE='2025-03-23T18:00:00+00:00' AIRFLOW_CTX_TRY_NUMBER='1' AIRFLOW_CTX_DAG_RUN_ID='scheduled__2025-03-23T18:00:00+00:00'
[2025-03-23T19:23:46.407+0000] {taskinstance.py:732} INFO - ::endgroup::
[2025-03-23T19:23:46.427+0000] {data_pipeline.py:54} INFO - Executing script: /opt/airflow/scripts/upload_to_gcs.py
[2025-03-23T19:23:48.478+0000] {data_pipeline.py:58} ERROR - Error executing /opt/airflow/scripts/upload_to_gcs.py: Command '['python', '/opt/airflow/scripts/upload_to_gcs.py']' returned non-zero exit status 1.
[2025-03-23T19:23:48.479+0000] {python.py:240} INFO - Done. Returned value was: None
[2025-03-23T19:23:48.494+0000] {taskinstance.py:341} INFO - ::group::Post task execution logs
[2025-03-23T19:23:48.496+0000] {taskinstance.py:353} INFO - Marking task as SUCCESS. dag_id=data_pipeline, task_id=upload_to_gcs, run_id=scheduled__2025-03-23T18:00:00+00:00, execution_date=20250323T180000, start_date=20250323T192346, end_date=20250323T192348
[2025-03-23T19:23:48.644+0000] {local_task_job_runner.py:266} INFO - Task exited with return code 0
[2025-03-23T19:23:48.671+0000] {taskinstance.py:3901} INFO - 1 downstream tasks scheduled from follow-on schedule check
[2025-03-23T19:23:48.681+0000] {local_task_job_runner.py:245} INFO - ::endgroup::
