[2025-03-23T19:09:04.972+0000] {processor.py:186} INFO - Started process (PID=84) to work on /opt/airflow/dags/data_pipeline.py
[2025-03-23T19:09:04.975+0000] {processor.py:914} INFO - Processing file /opt/airflow/dags/data_pipeline.py for tasks to queue
[2025-03-23T19:09:04.977+0000] {logging_mixin.py:190} INFO - [2025-03-23T19:09:04.977+0000] {dagbag.py:588} INFO - Filling up the DagBag from /opt/airflow/dags/data_pipeline.py
[2025-03-23T19:09:05.023+0000] {logging_mixin.py:190} INFO - [2025-03-23T19:09:05.023+0000] {data_pipeline.py:114} INFO - Airflow DAG setup complete.
[2025-03-23T19:09:05.029+0000] {processor.py:925} INFO - DAG(s) 'data_pipeline' retrieved from /opt/airflow/dags/data_pipeline.py
[2025-03-23T19:09:05.263+0000] {logging_mixin.py:190} INFO - [2025-03-23T19:09:05.262+0000] {override.py:1930} INFO - Created Permission View: can edit on DAG:data_pipeline
[2025-03-23T19:09:05.286+0000] {logging_mixin.py:190} INFO - [2025-03-23T19:09:05.285+0000] {override.py:1930} INFO - Created Permission View: can delete on DAG:data_pipeline
[2025-03-23T19:09:05.301+0000] {logging_mixin.py:190} INFO - [2025-03-23T19:09:05.300+0000] {override.py:1930} INFO - Created Permission View: can read on DAG:data_pipeline
[2025-03-23T19:09:05.326+0000] {logging_mixin.py:190} INFO - [2025-03-23T19:09:05.326+0000] {override.py:1930} INFO - Created Permission View: can create on DAG Run:data_pipeline
[2025-03-23T19:09:05.343+0000] {logging_mixin.py:190} INFO - [2025-03-23T19:09:05.342+0000] {override.py:1930} INFO - Created Permission View: menu access on DAG Run:data_pipeline
[2025-03-23T19:09:05.358+0000] {logging_mixin.py:190} INFO - [2025-03-23T19:09:05.358+0000] {override.py:1930} INFO - Created Permission View: can delete on DAG Run:data_pipeline
[2025-03-23T19:09:05.375+0000] {logging_mixin.py:190} INFO - [2025-03-23T19:09:05.375+0000] {override.py:1930} INFO - Created Permission View: can read on DAG Run:data_pipeline
[2025-03-23T19:09:05.376+0000] {logging_mixin.py:190} INFO - [2025-03-23T19:09:05.376+0000] {dag.py:3239} INFO - Sync 1 DAGs
[2025-03-23T19:09:05.395+0000] {logging_mixin.py:190} INFO - [2025-03-23T19:09:05.395+0000] {dag.py:3262} INFO - Creating ORM DAG for data_pipeline
[2025-03-23T19:09:05.411+0000] {logging_mixin.py:190} INFO - [2025-03-23T19:09:05.411+0000] {dag.py:4180} INFO - Setting next_dagrun for data_pipeline to 2025-03-23 18:00:00+00:00, run_after=2025-03-23 19:00:00+00:00
[2025-03-23T19:09:05.441+0000] {processor.py:208} INFO - Processing /opt/airflow/dags/data_pipeline.py took 0.477 seconds
[2025-03-23T19:09:36.258+0000] {processor.py:186} INFO - Started process (PID=85) to work on /opt/airflow/dags/data_pipeline.py
[2025-03-23T19:09:36.260+0000] {processor.py:914} INFO - Processing file /opt/airflow/dags/data_pipeline.py for tasks to queue
[2025-03-23T19:09:36.265+0000] {logging_mixin.py:190} INFO - [2025-03-23T19:09:36.264+0000] {dagbag.py:588} INFO - Filling up the DagBag from /opt/airflow/dags/data_pipeline.py
[2025-03-23T19:09:36.289+0000] {logging_mixin.py:190} INFO - [2025-03-23T19:09:36.289+0000] {data_pipeline.py:114} INFO - Airflow DAG setup complete.
[2025-03-23T19:09:36.293+0000] {processor.py:925} INFO - DAG(s) 'data_pipeline' retrieved from /opt/airflow/dags/data_pipeline.py
[2025-03-23T19:09:36.473+0000] {logging_mixin.py:190} INFO - [2025-03-23T19:09:36.473+0000] {dag.py:3239} INFO - Sync 1 DAGs
[2025-03-23T19:09:36.506+0000] {logging_mixin.py:190} INFO - [2025-03-23T19:09:36.506+0000] {dag.py:4180} INFO - Setting next_dagrun for data_pipeline to 2025-03-23 18:00:00+00:00, run_after=2025-03-23 19:00:00+00:00
[2025-03-23T19:09:36.544+0000] {processor.py:208} INFO - Processing /opt/airflow/dags/data_pipeline.py took 0.295 seconds
[2025-03-23T19:10:07.714+0000] {processor.py:186} INFO - Started process (PID=87) to work on /opt/airflow/dags/data_pipeline.py
[2025-03-23T19:10:07.716+0000] {processor.py:914} INFO - Processing file /opt/airflow/dags/data_pipeline.py for tasks to queue
[2025-03-23T19:10:07.720+0000] {logging_mixin.py:190} INFO - [2025-03-23T19:10:07.719+0000] {dagbag.py:588} INFO - Filling up the DagBag from /opt/airflow/dags/data_pipeline.py
[2025-03-23T19:10:07.758+0000] {logging_mixin.py:190} INFO - [2025-03-23T19:10:07.758+0000] {data_pipeline.py:114} INFO - Airflow DAG setup complete.
[2025-03-23T19:10:07.764+0000] {processor.py:925} INFO - DAG(s) 'data_pipeline' retrieved from /opt/airflow/dags/data_pipeline.py
[2025-03-23T19:10:08.010+0000] {logging_mixin.py:190} INFO - [2025-03-23T19:10:08.010+0000] {dag.py:3239} INFO - Sync 1 DAGs
[2025-03-23T19:10:08.052+0000] {logging_mixin.py:190} INFO - [2025-03-23T19:10:08.052+0000] {dag.py:4180} INFO - Setting next_dagrun for data_pipeline to 2025-03-23 18:00:00+00:00, run_after=2025-03-23 19:00:00+00:00
[2025-03-23T19:10:08.096+0000] {processor.py:208} INFO - Processing /opt/airflow/dags/data_pipeline.py took 0.392 seconds
[2025-03-23T19:13:39.041+0000] {processor.py:186} INFO - Started process (PID=113) to work on /opt/airflow/dags/data_pipeline.py
[2025-03-23T19:13:39.044+0000] {processor.py:914} INFO - Processing file /opt/airflow/dags/data_pipeline.py for tasks to queue
[2025-03-23T19:13:39.051+0000] {logging_mixin.py:190} INFO - [2025-03-23T19:13:39.049+0000] {dagbag.py:588} INFO - Filling up the DagBag from /opt/airflow/dags/data_pipeline.py
[2025-03-23T19:13:39.220+0000] {logging_mixin.py:190} INFO - [2025-03-23T19:13:39.220+0000] {data_pipeline.py:114} INFO - Airflow DAG setup complete.
[2025-03-23T19:13:39.228+0000] {processor.py:925} INFO - DAG(s) 'data_pipeline' retrieved from /opt/airflow/dags/data_pipeline.py
[2025-03-23T19:13:43.286+0000] {logging_mixin.py:190} INFO - [2025-03-23T19:13:43.285+0000] {dag.py:3239} INFO - Sync 1 DAGs
[2025-03-23T19:13:43.323+0000] {logging_mixin.py:190} INFO - [2025-03-23T19:13:43.323+0000] {dag.py:4180} INFO - Setting next_dagrun for data_pipeline to 2025-03-23 19:00:00+00:00, run_after=2025-03-23 20:00:00+00:00
[2025-03-23T19:13:43.367+0000] {processor.py:208} INFO - Processing /opt/airflow/dags/data_pipeline.py took 4.339 seconds
[2025-03-23T19:23:11.544+0000] {processor.py:186} INFO - Started process (PID=139) to work on /opt/airflow/dags/data_pipeline.py
[2025-03-23T19:23:11.547+0000] {processor.py:914} INFO - Processing file /opt/airflow/dags/data_pipeline.py for tasks to queue
[2025-03-23T19:23:11.552+0000] {logging_mixin.py:190} INFO - [2025-03-23T19:23:11.550+0000] {dagbag.py:588} INFO - Filling up the DagBag from /opt/airflow/dags/data_pipeline.py
[2025-03-23T19:23:11.601+0000] {logging_mixin.py:190} INFO - [2025-03-23T19:23:11.601+0000] {data_pipeline.py:114} INFO - Airflow DAG setup complete.
[2025-03-23T19:23:11.603+0000] {processor.py:925} INFO - DAG(s) 'data_pipeline' retrieved from /opt/airflow/dags/data_pipeline.py
[2025-03-23T19:23:11.951+0000] {logging_mixin.py:190} INFO - [2025-03-23T19:23:11.950+0000] {dag.py:3239} INFO - Sync 1 DAGs
[2025-03-23T19:23:11.988+0000] {logging_mixin.py:190} INFO - [2025-03-23T19:23:11.988+0000] {dag.py:4180} INFO - Setting next_dagrun for data_pipeline to 2025-03-23 19:00:00+00:00, run_after=2025-03-23 20:00:00+00:00
[2025-03-23T19:23:12.022+0000] {processor.py:208} INFO - Processing /opt/airflow/dags/data_pipeline.py took 0.559 seconds
[2025-03-23T19:23:57.987+0000] {processor.py:186} INFO - Started process (PID=188) to work on /opt/airflow/dags/data_pipeline.py
[2025-03-23T19:23:57.991+0000] {processor.py:914} INFO - Processing file /opt/airflow/dags/data_pipeline.py for tasks to queue
[2025-03-23T19:23:57.996+0000] {logging_mixin.py:190} INFO - [2025-03-23T19:23:57.995+0000] {dagbag.py:588} INFO - Filling up the DagBag from /opt/airflow/dags/data_pipeline.py
[2025-03-23T19:23:58.050+0000] {logging_mixin.py:190} INFO - [2025-03-23T19:23:58.050+0000] {data_pipeline.py:114} INFO - Airflow DAG setup complete.
[2025-03-23T19:23:58.054+0000] {processor.py:925} INFO - DAG(s) 'data_pipeline' retrieved from /opt/airflow/dags/data_pipeline.py
[2025-03-23T19:23:58.308+0000] {logging_mixin.py:190} INFO - [2025-03-23T19:23:58.307+0000] {dag.py:3239} INFO - Sync 1 DAGs
[2025-03-23T19:23:58.343+0000] {logging_mixin.py:190} INFO - [2025-03-23T19:23:58.343+0000] {dag.py:4180} INFO - Setting next_dagrun for data_pipeline to 2025-03-23 19:00:00+00:00, run_after=2025-03-23 20:00:00+00:00
[2025-03-23T19:23:58.380+0000] {processor.py:208} INFO - Processing /opt/airflow/dags/data_pipeline.py took 0.428 seconds
[2025-03-23T19:24:29.006+0000] {processor.py:186} INFO - Started process (PID=255) to work on /opt/airflow/dags/data_pipeline.py
[2025-03-23T19:24:29.015+0000] {processor.py:914} INFO - Processing file /opt/airflow/dags/data_pipeline.py for tasks to queue
[2025-03-23T19:24:29.023+0000] {logging_mixin.py:190} INFO - [2025-03-23T19:24:29.020+0000] {dagbag.py:588} INFO - Filling up the DagBag from /opt/airflow/dags/data_pipeline.py
[2025-03-23T19:24:29.122+0000] {logging_mixin.py:190} INFO - [2025-03-23T19:24:29.122+0000] {data_pipeline.py:114} INFO - Airflow DAG setup complete.
[2025-03-23T19:24:29.125+0000] {processor.py:925} INFO - DAG(s) 'data_pipeline' retrieved from /opt/airflow/dags/data_pipeline.py
[2025-03-23T19:24:29.471+0000] {logging_mixin.py:190} INFO - [2025-03-23T19:24:29.470+0000] {dag.py:3239} INFO - Sync 1 DAGs
[2025-03-23T19:24:29.519+0000] {logging_mixin.py:190} INFO - [2025-03-23T19:24:29.518+0000] {dag.py:4180} INFO - Setting next_dagrun for data_pipeline to 2025-03-23 19:00:00+00:00, run_after=2025-03-23 20:00:00+00:00
[2025-03-23T19:24:29.570+0000] {processor.py:208} INFO - Processing /opt/airflow/dags/data_pipeline.py took 0.621 seconds
[2025-03-23T19:25:00.481+0000] {processor.py:186} INFO - Started process (PID=256) to work on /opt/airflow/dags/data_pipeline.py
[2025-03-23T19:25:00.488+0000] {processor.py:914} INFO - Processing file /opt/airflow/dags/data_pipeline.py for tasks to queue
[2025-03-23T19:25:00.505+0000] {logging_mixin.py:190} INFO - [2025-03-23T19:25:00.493+0000] {dagbag.py:588} INFO - Filling up the DagBag from /opt/airflow/dags/data_pipeline.py
[2025-03-23T19:25:00.612+0000] {logging_mixin.py:190} INFO - [2025-03-23T19:25:00.611+0000] {data_pipeline.py:114} INFO - Airflow DAG setup complete.
[2025-03-23T19:25:00.616+0000] {processor.py:925} INFO - DAG(s) 'data_pipeline' retrieved from /opt/airflow/dags/data_pipeline.py
[2025-03-23T19:25:01.190+0000] {logging_mixin.py:190} INFO - [2025-03-23T19:25:01.189+0000] {dag.py:3239} INFO - Sync 1 DAGs
[2025-03-23T19:25:01.253+0000] {logging_mixin.py:190} INFO - [2025-03-23T19:25:01.252+0000] {dag.py:4180} INFO - Setting next_dagrun for data_pipeline to 2025-03-23 19:00:00+00:00, run_after=2025-03-23 20:00:00+00:00
[2025-03-23T19:25:01.317+0000] {processor.py:208} INFO - Processing /opt/airflow/dags/data_pipeline.py took 0.890 seconds
[2025-03-23T19:25:32.364+0000] {processor.py:186} INFO - Started process (PID=257) to work on /opt/airflow/dags/data_pipeline.py
[2025-03-23T19:25:32.420+0000] {processor.py:914} INFO - Processing file /opt/airflow/dags/data_pipeline.py for tasks to queue
[2025-03-23T19:25:32.452+0000] {logging_mixin.py:190} INFO - [2025-03-23T19:25:32.449+0000] {dagbag.py:588} INFO - Filling up the DagBag from /opt/airflow/dags/data_pipeline.py
[2025-03-23T19:25:32.623+0000] {logging_mixin.py:190} INFO - [2025-03-23T19:25:32.622+0000] {data_pipeline.py:114} INFO - Airflow DAG setup complete.
[2025-03-23T19:25:32.639+0000] {processor.py:925} INFO - DAG(s) 'data_pipeline' retrieved from /opt/airflow/dags/data_pipeline.py
[2025-03-23T19:25:33.337+0000] {logging_mixin.py:190} INFO - [2025-03-23T19:25:33.336+0000] {dag.py:3239} INFO - Sync 1 DAGs
[2025-03-23T19:25:33.437+0000] {logging_mixin.py:190} INFO - [2025-03-23T19:25:33.436+0000] {dag.py:4180} INFO - Setting next_dagrun for data_pipeline to 2025-03-23 19:00:00+00:00, run_after=2025-03-23 20:00:00+00:00
[2025-03-23T19:25:33.558+0000] {processor.py:208} INFO - Processing /opt/airflow/dags/data_pipeline.py took 1.263 seconds
[2025-03-23T19:26:03.904+0000] {processor.py:186} INFO - Started process (PID=258) to work on /opt/airflow/dags/data_pipeline.py
[2025-03-23T19:26:03.912+0000] {processor.py:914} INFO - Processing file /opt/airflow/dags/data_pipeline.py for tasks to queue
[2025-03-23T19:26:03.922+0000] {logging_mixin.py:190} INFO - [2025-03-23T19:26:03.918+0000] {dagbag.py:588} INFO - Filling up the DagBag from /opt/airflow/dags/data_pipeline.py
[2025-03-23T19:26:04.002+0000] {logging_mixin.py:190} INFO - [2025-03-23T19:26:04.001+0000] {data_pipeline.py:114} INFO - Airflow DAG setup complete.
[2025-03-23T19:26:04.003+0000] {processor.py:925} INFO - DAG(s) 'data_pipeline' retrieved from /opt/airflow/dags/data_pipeline.py
[2025-03-23T19:26:04.265+0000] {logging_mixin.py:190} INFO - [2025-03-23T19:26:04.265+0000] {dag.py:3239} INFO - Sync 1 DAGs
[2025-03-23T19:26:04.300+0000] {logging_mixin.py:190} INFO - [2025-03-23T19:26:04.300+0000] {dag.py:4180} INFO - Setting next_dagrun for data_pipeline to 2025-03-23 19:00:00+00:00, run_after=2025-03-23 20:00:00+00:00
[2025-03-23T19:26:04.383+0000] {processor.py:208} INFO - Processing /opt/airflow/dags/data_pipeline.py took 0.549 seconds
[2025-03-23T19:26:34.577+0000] {processor.py:186} INFO - Started process (PID=259) to work on /opt/airflow/dags/data_pipeline.py
[2025-03-23T19:26:34.579+0000] {processor.py:914} INFO - Processing file /opt/airflow/dags/data_pipeline.py for tasks to queue
[2025-03-23T19:26:34.581+0000] {logging_mixin.py:190} INFO - [2025-03-23T19:26:34.581+0000] {dagbag.py:588} INFO - Filling up the DagBag from /opt/airflow/dags/data_pipeline.py
[2025-03-23T19:26:34.627+0000] {logging_mixin.py:190} INFO - [2025-03-23T19:26:34.627+0000] {data_pipeline.py:114} INFO - Airflow DAG setup complete.
[2025-03-23T19:26:34.628+0000] {processor.py:925} INFO - DAG(s) 'data_pipeline' retrieved from /opt/airflow/dags/data_pipeline.py
[2025-03-23T19:26:34.815+0000] {logging_mixin.py:190} INFO - [2025-03-23T19:26:34.815+0000] {dag.py:3239} INFO - Sync 1 DAGs
[2025-03-23T19:26:34.847+0000] {logging_mixin.py:190} INFO - [2025-03-23T19:26:34.846+0000] {dag.py:4180} INFO - Setting next_dagrun for data_pipeline to 2025-03-23 19:00:00+00:00, run_after=2025-03-23 20:00:00+00:00
[2025-03-23T19:26:34.945+0000] {processor.py:208} INFO - Processing /opt/airflow/dags/data_pipeline.py took 0.380 seconds
[2025-03-23T19:27:05.884+0000] {processor.py:186} INFO - Started process (PID=260) to work on /opt/airflow/dags/data_pipeline.py
[2025-03-23T19:27:05.897+0000] {processor.py:914} INFO - Processing file /opt/airflow/dags/data_pipeline.py for tasks to queue
[2025-03-23T19:27:05.912+0000] {logging_mixin.py:190} INFO - [2025-03-23T19:27:05.905+0000] {dagbag.py:588} INFO - Filling up the DagBag from /opt/airflow/dags/data_pipeline.py
[2025-03-23T19:27:06.045+0000] {logging_mixin.py:190} INFO - [2025-03-23T19:27:06.043+0000] {data_pipeline.py:114} INFO - Airflow DAG setup complete.
[2025-03-23T19:27:06.049+0000] {processor.py:925} INFO - DAG(s) 'data_pipeline' retrieved from /opt/airflow/dags/data_pipeline.py
[2025-03-23T19:27:06.749+0000] {logging_mixin.py:190} INFO - [2025-03-23T19:27:06.749+0000] {dag.py:3239} INFO - Sync 1 DAGs
[2025-03-23T19:27:06.816+0000] {logging_mixin.py:190} INFO - [2025-03-23T19:27:06.816+0000] {dag.py:4180} INFO - Setting next_dagrun for data_pipeline to 2025-03-23 19:00:00+00:00, run_after=2025-03-23 20:00:00+00:00
[2025-03-23T19:27:06.881+0000] {processor.py:208} INFO - Processing /opt/airflow/dags/data_pipeline.py took 1.133 seconds
[2025-03-23T19:27:37.513+0000] {processor.py:186} INFO - Started process (PID=261) to work on /opt/airflow/dags/data_pipeline.py
[2025-03-23T19:27:37.514+0000] {processor.py:914} INFO - Processing file /opt/airflow/dags/data_pipeline.py for tasks to queue
[2025-03-23T19:27:37.516+0000] {logging_mixin.py:190} INFO - [2025-03-23T19:27:37.515+0000] {dagbag.py:588} INFO - Filling up the DagBag from /opt/airflow/dags/data_pipeline.py
[2025-03-23T19:27:37.537+0000] {logging_mixin.py:190} INFO - [2025-03-23T19:27:37.537+0000] {data_pipeline.py:114} INFO - Airflow DAG setup complete.
[2025-03-23T19:27:37.538+0000] {processor.py:925} INFO - DAG(s) 'data_pipeline' retrieved from /opt/airflow/dags/data_pipeline.py
[2025-03-23T19:27:37.659+0000] {logging_mixin.py:190} INFO - [2025-03-23T19:27:37.659+0000] {dag.py:3239} INFO - Sync 1 DAGs
[2025-03-23T19:27:37.705+0000] {logging_mixin.py:190} INFO - [2025-03-23T19:27:37.705+0000] {dag.py:4180} INFO - Setting next_dagrun for data_pipeline to 2025-03-23 19:00:00+00:00, run_after=2025-03-23 20:00:00+00:00
[2025-03-23T19:27:37.771+0000] {processor.py:208} INFO - Processing /opt/airflow/dags/data_pipeline.py took 0.320 seconds
[2025-03-23T19:28:08.064+0000] {processor.py:186} INFO - Started process (PID=262) to work on /opt/airflow/dags/data_pipeline.py
[2025-03-23T19:28:08.067+0000] {processor.py:914} INFO - Processing file /opt/airflow/dags/data_pipeline.py for tasks to queue
[2025-03-23T19:28:08.069+0000] {logging_mixin.py:190} INFO - [2025-03-23T19:28:08.069+0000] {dagbag.py:588} INFO - Filling up the DagBag from /opt/airflow/dags/data_pipeline.py
[2025-03-23T19:28:08.094+0000] {logging_mixin.py:190} INFO - [2025-03-23T19:28:08.094+0000] {data_pipeline.py:114} INFO - Airflow DAG setup complete.
[2025-03-23T19:28:08.095+0000] {processor.py:925} INFO - DAG(s) 'data_pipeline' retrieved from /opt/airflow/dags/data_pipeline.py
[2025-03-23T19:28:08.276+0000] {logging_mixin.py:190} INFO - [2025-03-23T19:28:08.276+0000] {dag.py:3239} INFO - Sync 1 DAGs
[2025-03-23T19:28:08.347+0000] {logging_mixin.py:190} INFO - [2025-03-23T19:28:08.346+0000] {dag.py:4180} INFO - Setting next_dagrun for data_pipeline to 2025-03-23 19:00:00+00:00, run_after=2025-03-23 20:00:00+00:00
[2025-03-23T19:28:08.439+0000] {processor.py:208} INFO - Processing /opt/airflow/dags/data_pipeline.py took 0.385 seconds
[2025-03-23T19:28:38.746+0000] {processor.py:186} INFO - Started process (PID=263) to work on /opt/airflow/dags/data_pipeline.py
[2025-03-23T19:28:38.752+0000] {processor.py:914} INFO - Processing file /opt/airflow/dags/data_pipeline.py for tasks to queue
[2025-03-23T19:28:38.756+0000] {logging_mixin.py:190} INFO - [2025-03-23T19:28:38.755+0000] {dagbag.py:588} INFO - Filling up the DagBag from /opt/airflow/dags/data_pipeline.py
[2025-03-23T19:28:38.790+0000] {logging_mixin.py:190} INFO - [2025-03-23T19:28:38.789+0000] {data_pipeline.py:114} INFO - Airflow DAG setup complete.
[2025-03-23T19:28:38.791+0000] {processor.py:925} INFO - DAG(s) 'data_pipeline' retrieved from /opt/airflow/dags/data_pipeline.py
[2025-03-23T19:28:38.954+0000] {logging_mixin.py:190} INFO - [2025-03-23T19:28:38.954+0000] {dag.py:3239} INFO - Sync 1 DAGs
[2025-03-23T19:28:38.979+0000] {logging_mixin.py:190} INFO - [2025-03-23T19:28:38.979+0000] {dag.py:4180} INFO - Setting next_dagrun for data_pipeline to 2025-03-23 19:00:00+00:00, run_after=2025-03-23 20:00:00+00:00
[2025-03-23T19:28:39.018+0000] {processor.py:208} INFO - Processing /opt/airflow/dags/data_pipeline.py took 0.297 seconds
[2025-03-23T19:29:09.486+0000] {processor.py:186} INFO - Started process (PID=264) to work on /opt/airflow/dags/data_pipeline.py
[2025-03-23T19:29:09.504+0000] {processor.py:914} INFO - Processing file /opt/airflow/dags/data_pipeline.py for tasks to queue
[2025-03-23T19:29:09.516+0000] {logging_mixin.py:190} INFO - [2025-03-23T19:29:09.514+0000] {dagbag.py:588} INFO - Filling up the DagBag from /opt/airflow/dags/data_pipeline.py
[2025-03-23T19:29:09.579+0000] {logging_mixin.py:190} INFO - [2025-03-23T19:29:09.579+0000] {data_pipeline.py:114} INFO - Airflow DAG setup complete.
[2025-03-23T19:29:09.581+0000] {processor.py:925} INFO - DAG(s) 'data_pipeline' retrieved from /opt/airflow/dags/data_pipeline.py
[2025-03-23T19:29:09.749+0000] {logging_mixin.py:190} INFO - [2025-03-23T19:29:09.748+0000] {dag.py:3239} INFO - Sync 1 DAGs
[2025-03-23T19:29:09.777+0000] {logging_mixin.py:190} INFO - [2025-03-23T19:29:09.777+0000] {dag.py:4180} INFO - Setting next_dagrun for data_pipeline to 2025-03-23 19:00:00+00:00, run_after=2025-03-23 20:00:00+00:00
[2025-03-23T19:29:09.820+0000] {processor.py:208} INFO - Processing /opt/airflow/dags/data_pipeline.py took 0.468 seconds
[2025-03-23T19:29:40.329+0000] {processor.py:186} INFO - Started process (PID=265) to work on /opt/airflow/dags/data_pipeline.py
[2025-03-23T19:29:40.349+0000] {processor.py:914} INFO - Processing file /opt/airflow/dags/data_pipeline.py for tasks to queue
[2025-03-23T19:29:40.366+0000] {logging_mixin.py:190} INFO - [2025-03-23T19:29:40.363+0000] {dagbag.py:588} INFO - Filling up the DagBag from /opt/airflow/dags/data_pipeline.py
[2025-03-23T19:29:40.438+0000] {logging_mixin.py:190} INFO - [2025-03-23T19:29:40.438+0000] {data_pipeline.py:114} INFO - Airflow DAG setup complete.
[2025-03-23T19:29:40.439+0000] {processor.py:925} INFO - DAG(s) 'data_pipeline' retrieved from /opt/airflow/dags/data_pipeline.py
[2025-03-23T19:29:40.564+0000] {logging_mixin.py:190} INFO - [2025-03-23T19:29:40.564+0000] {dag.py:3239} INFO - Sync 1 DAGs
[2025-03-23T19:29:40.585+0000] {logging_mixin.py:190} INFO - [2025-03-23T19:29:40.585+0000] {dag.py:4180} INFO - Setting next_dagrun for data_pipeline to 2025-03-23 19:00:00+00:00, run_after=2025-03-23 20:00:00+00:00
[2025-03-23T19:29:40.616+0000] {processor.py:208} INFO - Processing /opt/airflow/dags/data_pipeline.py took 0.393 seconds
[2025-03-23T19:30:11.021+0000] {processor.py:186} INFO - Started process (PID=266) to work on /opt/airflow/dags/data_pipeline.py
[2025-03-23T19:30:11.025+0000] {processor.py:914} INFO - Processing file /opt/airflow/dags/data_pipeline.py for tasks to queue
[2025-03-23T19:30:11.031+0000] {logging_mixin.py:190} INFO - [2025-03-23T19:30:11.029+0000] {dagbag.py:588} INFO - Filling up the DagBag from /opt/airflow/dags/data_pipeline.py
[2025-03-23T19:30:11.073+0000] {logging_mixin.py:190} INFO - [2025-03-23T19:30:11.073+0000] {data_pipeline.py:114} INFO - Airflow DAG setup complete.
[2025-03-23T19:30:11.077+0000] {processor.py:925} INFO - DAG(s) 'data_pipeline' retrieved from /opt/airflow/dags/data_pipeline.py
[2025-03-23T19:30:11.258+0000] {logging_mixin.py:190} INFO - [2025-03-23T19:30:11.257+0000] {dag.py:3239} INFO - Sync 1 DAGs
[2025-03-23T19:30:11.303+0000] {logging_mixin.py:190} INFO - [2025-03-23T19:30:11.302+0000] {dag.py:4180} INFO - Setting next_dagrun for data_pipeline to 2025-03-23 19:00:00+00:00, run_after=2025-03-23 20:00:00+00:00
[2025-03-23T19:30:11.386+0000] {processor.py:208} INFO - Processing /opt/airflow/dags/data_pipeline.py took 0.411 seconds
[2025-03-23T19:30:41.743+0000] {processor.py:186} INFO - Started process (PID=267) to work on /opt/airflow/dags/data_pipeline.py
[2025-03-23T19:30:41.746+0000] {processor.py:914} INFO - Processing file /opt/airflow/dags/data_pipeline.py for tasks to queue
[2025-03-23T19:30:41.747+0000] {logging_mixin.py:190} INFO - [2025-03-23T19:30:41.747+0000] {dagbag.py:588} INFO - Filling up the DagBag from /opt/airflow/dags/data_pipeline.py
[2025-03-23T19:30:41.779+0000] {logging_mixin.py:190} INFO - [2025-03-23T19:30:41.779+0000] {data_pipeline.py:114} INFO - Airflow DAG setup complete.
[2025-03-23T19:30:41.780+0000] {processor.py:925} INFO - DAG(s) 'data_pipeline' retrieved from /opt/airflow/dags/data_pipeline.py
[2025-03-23T19:30:42.056+0000] {logging_mixin.py:190} INFO - [2025-03-23T19:30:42.056+0000] {dag.py:3239} INFO - Sync 1 DAGs
[2025-03-23T19:30:42.098+0000] {logging_mixin.py:190} INFO - [2025-03-23T19:30:42.098+0000] {dag.py:3262} INFO - Creating ORM DAG for data_pipeline
[2025-03-23T19:30:42.137+0000] {logging_mixin.py:190} INFO - [2025-03-23T19:30:42.137+0000] {dag.py:4180} INFO - Setting next_dagrun for data_pipeline to 2025-03-23 18:00:00+00:00, run_after=2025-03-23 19:00:00+00:00
[2025-03-23T19:30:42.255+0000] {processor.py:208} INFO - Processing /opt/airflow/dags/data_pipeline.py took 0.523 seconds
[2025-03-23T19:31:12.582+0000] {processor.py:186} INFO - Started process (PID=268) to work on /opt/airflow/dags/data_pipeline.py
[2025-03-23T19:31:12.586+0000] {processor.py:914} INFO - Processing file /opt/airflow/dags/data_pipeline.py for tasks to queue
[2025-03-23T19:31:12.599+0000] {logging_mixin.py:190} INFO - [2025-03-23T19:31:12.591+0000] {dagbag.py:588} INFO - Filling up the DagBag from /opt/airflow/dags/data_pipeline.py
[2025-03-23T19:31:12.709+0000] {logging_mixin.py:190} INFO - [2025-03-23T19:31:12.708+0000] {data_pipeline.py:114} INFO - Airflow DAG setup complete.
[2025-03-23T19:31:12.712+0000] {processor.py:925} INFO - DAG(s) 'data_pipeline' retrieved from /opt/airflow/dags/data_pipeline.py
[2025-03-23T19:31:12.888+0000] {logging_mixin.py:190} INFO - [2025-03-23T19:31:12.888+0000] {dag.py:3239} INFO - Sync 1 DAGs
[2025-03-23T19:31:12.910+0000] {logging_mixin.py:190} INFO - [2025-03-23T19:31:12.910+0000] {dag.py:4180} INFO - Setting next_dagrun for data_pipeline to 2025-03-23 18:00:00+00:00, run_after=2025-03-23 19:00:00+00:00
[2025-03-23T19:31:12.970+0000] {processor.py:208} INFO - Processing /opt/airflow/dags/data_pipeline.py took 0.408 seconds
[2025-03-23T19:31:43.365+0000] {processor.py:186} INFO - Started process (PID=269) to work on /opt/airflow/dags/data_pipeline.py
[2025-03-23T19:31:43.379+0000] {processor.py:914} INFO - Processing file /opt/airflow/dags/data_pipeline.py for tasks to queue
[2025-03-23T19:31:43.388+0000] {logging_mixin.py:190} INFO - [2025-03-23T19:31:43.386+0000] {dagbag.py:588} INFO - Filling up the DagBag from /opt/airflow/dags/data_pipeline.py
[2025-03-23T19:31:43.463+0000] {logging_mixin.py:190} INFO - [2025-03-23T19:31:43.463+0000] {data_pipeline.py:114} INFO - Airflow DAG setup complete.
[2025-03-23T19:31:43.467+0000] {processor.py:925} INFO - DAG(s) 'data_pipeline' retrieved from /opt/airflow/dags/data_pipeline.py
[2025-03-23T19:31:43.704+0000] {logging_mixin.py:190} INFO - [2025-03-23T19:31:43.703+0000] {dag.py:3239} INFO - Sync 1 DAGs
[2025-03-23T19:31:43.736+0000] {logging_mixin.py:190} INFO - [2025-03-23T19:31:43.736+0000] {dag.py:4180} INFO - Setting next_dagrun for data_pipeline to 2025-03-23 18:00:00+00:00, run_after=2025-03-23 19:00:00+00:00
[2025-03-23T19:31:43.787+0000] {processor.py:208} INFO - Processing /opt/airflow/dags/data_pipeline.py took 0.489 seconds
[2025-03-23T19:32:14.131+0000] {processor.py:186} INFO - Started process (PID=270) to work on /opt/airflow/dags/data_pipeline.py
[2025-03-23T19:32:14.136+0000] {processor.py:914} INFO - Processing file /opt/airflow/dags/data_pipeline.py for tasks to queue
[2025-03-23T19:32:14.140+0000] {logging_mixin.py:190} INFO - [2025-03-23T19:32:14.139+0000] {dagbag.py:588} INFO - Filling up the DagBag from /opt/airflow/dags/data_pipeline.py
[2025-03-23T19:32:14.164+0000] {logging_mixin.py:190} INFO - [2025-03-23T19:32:14.164+0000] {data_pipeline.py:114} INFO - Airflow DAG setup complete.
[2025-03-23T19:32:14.166+0000] {processor.py:925} INFO - DAG(s) 'data_pipeline' retrieved from /opt/airflow/dags/data_pipeline.py
[2025-03-23T19:32:14.341+0000] {logging_mixin.py:190} INFO - [2025-03-23T19:32:14.341+0000] {dag.py:3239} INFO - Sync 1 DAGs
[2025-03-23T19:32:14.373+0000] {logging_mixin.py:190} INFO - [2025-03-23T19:32:14.373+0000] {dag.py:4180} INFO - Setting next_dagrun for data_pipeline to 2025-03-23 18:00:00+00:00, run_after=2025-03-23 19:00:00+00:00
[2025-03-23T19:32:14.414+0000] {processor.py:208} INFO - Processing /opt/airflow/dags/data_pipeline.py took 0.314 seconds
[2025-03-23T19:32:44.804+0000] {processor.py:186} INFO - Started process (PID=271) to work on /opt/airflow/dags/data_pipeline.py
[2025-03-23T19:32:44.813+0000] {processor.py:914} INFO - Processing file /opt/airflow/dags/data_pipeline.py for tasks to queue
[2025-03-23T19:32:44.817+0000] {logging_mixin.py:190} INFO - [2025-03-23T19:32:44.816+0000] {dagbag.py:588} INFO - Filling up the DagBag from /opt/airflow/dags/data_pipeline.py
[2025-03-23T19:32:44.915+0000] {logging_mixin.py:190} INFO - [2025-03-23T19:32:44.914+0000] {data_pipeline.py:114} INFO - Airflow DAG setup complete.
[2025-03-23T19:32:44.924+0000] {processor.py:925} INFO - DAG(s) 'data_pipeline' retrieved from /opt/airflow/dags/data_pipeline.py
[2025-03-23T19:32:45.371+0000] {logging_mixin.py:190} INFO - [2025-03-23T19:32:45.371+0000] {dag.py:3239} INFO - Sync 1 DAGs
[2025-03-23T19:32:45.555+0000] {logging_mixin.py:190} INFO - [2025-03-23T19:32:45.554+0000] {dag.py:4180} INFO - Setting next_dagrun for data_pipeline to 2025-03-23 18:00:00+00:00, run_after=2025-03-23 19:00:00+00:00
[2025-03-23T19:32:45.681+0000] {processor.py:208} INFO - Processing /opt/airflow/dags/data_pipeline.py took 0.900 seconds
[2025-03-23T19:33:33.165+0000] {processor.py:186} INFO - Started process (PID=290) to work on /opt/airflow/dags/data_pipeline.py
[2025-03-23T19:33:33.172+0000] {processor.py:914} INFO - Processing file /opt/airflow/dags/data_pipeline.py for tasks to queue
[2025-03-23T19:33:33.186+0000] {logging_mixin.py:190} INFO - [2025-03-23T19:33:33.185+0000] {dagbag.py:588} INFO - Filling up the DagBag from /opt/airflow/dags/data_pipeline.py
[2025-03-23T19:33:33.226+0000] {logging_mixin.py:190} INFO - [2025-03-23T19:33:33.226+0000] {data_pipeline.py:114} INFO - Airflow DAG setup complete.
[2025-03-23T19:33:33.237+0000] {processor.py:925} INFO - DAG(s) 'data_pipeline' retrieved from /opt/airflow/dags/data_pipeline.py
[2025-03-23T19:33:34.018+0000] {logging_mixin.py:190} INFO - [2025-03-23T19:33:34.017+0000] {dag.py:3239} INFO - Sync 1 DAGs
[2025-03-23T19:33:34.075+0000] {logging_mixin.py:190} INFO - [2025-03-23T19:33:34.074+0000] {dag.py:4180} INFO - Setting next_dagrun for data_pipeline to 2025-03-23 18:00:00+00:00, run_after=2025-03-23 19:00:00+00:00
[2025-03-23T19:33:34.178+0000] {processor.py:208} INFO - Processing /opt/airflow/dags/data_pipeline.py took 1.062 seconds
[2025-03-23T19:34:05.299+0000] {processor.py:186} INFO - Started process (PID=291) to work on /opt/airflow/dags/data_pipeline.py
[2025-03-23T19:34:05.319+0000] {processor.py:914} INFO - Processing file /opt/airflow/dags/data_pipeline.py for tasks to queue
[2025-03-23T19:34:05.348+0000] {logging_mixin.py:190} INFO - [2025-03-23T19:34:05.344+0000] {dagbag.py:588} INFO - Filling up the DagBag from /opt/airflow/dags/data_pipeline.py
[2025-03-23T19:34:05.383+0000] {logging_mixin.py:190} INFO - [2025-03-23T19:34:05.382+0000] {data_pipeline.py:114} INFO - Airflow DAG setup complete.
[2025-03-23T19:34:05.390+0000] {processor.py:925} INFO - DAG(s) 'data_pipeline' retrieved from /opt/airflow/dags/data_pipeline.py
[2025-03-23T19:34:05.654+0000] {logging_mixin.py:190} INFO - [2025-03-23T19:34:05.654+0000] {dag.py:3239} INFO - Sync 1 DAGs
[2025-03-23T19:34:05.704+0000] {logging_mixin.py:190} INFO - [2025-03-23T19:34:05.703+0000] {dag.py:4180} INFO - Setting next_dagrun for data_pipeline to 2025-03-23 18:00:00+00:00, run_after=2025-03-23 19:00:00+00:00
[2025-03-23T19:34:05.749+0000] {processor.py:208} INFO - Processing /opt/airflow/dags/data_pipeline.py took 0.625 seconds
[2025-03-23T19:34:35.996+0000] {processor.py:186} INFO - Started process (PID=292) to work on /opt/airflow/dags/data_pipeline.py
[2025-03-23T19:34:35.997+0000] {processor.py:914} INFO - Processing file /opt/airflow/dags/data_pipeline.py for tasks to queue
[2025-03-23T19:34:36.001+0000] {logging_mixin.py:190} INFO - [2025-03-23T19:34:36.001+0000] {dagbag.py:588} INFO - Filling up the DagBag from /opt/airflow/dags/data_pipeline.py
[2025-03-23T19:34:36.026+0000] {logging_mixin.py:190} INFO - [2025-03-23T19:34:36.025+0000] {data_pipeline.py:114} INFO - Airflow DAG setup complete.
[2025-03-23T19:34:36.029+0000] {processor.py:925} INFO - DAG(s) 'data_pipeline' retrieved from /opt/airflow/dags/data_pipeline.py
[2025-03-23T19:34:36.208+0000] {logging_mixin.py:190} INFO - [2025-03-23T19:34:36.207+0000] {dag.py:3239} INFO - Sync 1 DAGs
[2025-03-23T19:34:36.298+0000] {logging_mixin.py:190} INFO - [2025-03-23T19:34:36.297+0000] {dag.py:4180} INFO - Setting next_dagrun for data_pipeline to 2025-03-23 18:00:00+00:00, run_after=2025-03-23 19:00:00+00:00
[2025-03-23T19:34:36.345+0000] {processor.py:208} INFO - Processing /opt/airflow/dags/data_pipeline.py took 0.356 seconds
[2025-03-23T19:35:38.955+0000] {processor.py:186} INFO - Started process (PID=312) to work on /opt/airflow/dags/data_pipeline.py
[2025-03-23T19:35:38.960+0000] {processor.py:914} INFO - Processing file /opt/airflow/dags/data_pipeline.py for tasks to queue
[2025-03-23T19:35:38.964+0000] {logging_mixin.py:190} INFO - [2025-03-23T19:35:38.963+0000] {dagbag.py:588} INFO - Filling up the DagBag from /opt/airflow/dags/data_pipeline.py
[2025-03-23T19:35:39.011+0000] {logging_mixin.py:190} INFO - [2025-03-23T19:35:39.011+0000] {data_pipeline.py:114} INFO - Airflow DAG setup complete.
[2025-03-23T19:35:39.021+0000] {processor.py:925} INFO - DAG(s) 'data_pipeline' retrieved from /opt/airflow/dags/data_pipeline.py
[2025-03-23T19:35:39.362+0000] {logging_mixin.py:190} INFO - [2025-03-23T19:35:39.362+0000] {dag.py:3239} INFO - Sync 1 DAGs
[2025-03-23T19:35:39.397+0000] {logging_mixin.py:190} INFO - [2025-03-23T19:35:39.397+0000] {dag.py:3262} INFO - Creating ORM DAG for data_pipeline
[2025-03-23T19:35:39.423+0000] {logging_mixin.py:190} INFO - [2025-03-23T19:35:39.423+0000] {dag.py:4180} INFO - Setting next_dagrun for data_pipeline to 2025-03-23 20:00:00+00:00, run_after=2025-03-23 21:00:00+00:00
[2025-03-23T19:35:39.496+0000] {processor.py:208} INFO - Processing /opt/airflow/dags/data_pipeline.py took 0.553 seconds
[2025-03-23T19:36:10.047+0000] {processor.py:186} INFO - Started process (PID=313) to work on /opt/airflow/dags/data_pipeline.py
[2025-03-23T19:36:10.058+0000] {processor.py:914} INFO - Processing file /opt/airflow/dags/data_pipeline.py for tasks to queue
[2025-03-23T19:36:10.087+0000] {logging_mixin.py:190} INFO - [2025-03-23T19:36:10.085+0000] {dagbag.py:588} INFO - Filling up the DagBag from /opt/airflow/dags/data_pipeline.py
[2025-03-23T19:36:10.174+0000] {logging_mixin.py:190} INFO - [2025-03-23T19:36:10.174+0000] {data_pipeline.py:114} INFO - Airflow DAG setup complete.
[2025-03-23T19:36:10.179+0000] {processor.py:925} INFO - DAG(s) 'data_pipeline' retrieved from /opt/airflow/dags/data_pipeline.py
[2025-03-23T19:36:10.313+0000] {logging_mixin.py:190} INFO - [2025-03-23T19:36:10.313+0000] {dag.py:3239} INFO - Sync 1 DAGs
[2025-03-23T19:36:10.338+0000] {logging_mixin.py:190} INFO - [2025-03-23T19:36:10.338+0000] {dag.py:4180} INFO - Setting next_dagrun for data_pipeline to 2025-03-23 20:00:00+00:00, run_after=2025-03-23 21:00:00+00:00
[2025-03-23T19:36:10.379+0000] {processor.py:208} INFO - Processing /opt/airflow/dags/data_pipeline.py took 0.339 seconds
[2025-03-23T19:36:40.770+0000] {processor.py:186} INFO - Started process (PID=314) to work on /opt/airflow/dags/data_pipeline.py
[2025-03-23T19:36:40.775+0000] {processor.py:914} INFO - Processing file /opt/airflow/dags/data_pipeline.py for tasks to queue
[2025-03-23T19:36:40.783+0000] {logging_mixin.py:190} INFO - [2025-03-23T19:36:40.782+0000] {dagbag.py:588} INFO - Filling up the DagBag from /opt/airflow/dags/data_pipeline.py
[2025-03-23T19:36:40.839+0000] {logging_mixin.py:190} INFO - [2025-03-23T19:36:40.839+0000] {data_pipeline.py:114} INFO - Airflow DAG setup complete.
[2025-03-23T19:36:40.847+0000] {processor.py:925} INFO - DAG(s) 'data_pipeline' retrieved from /opt/airflow/dags/data_pipeline.py
[2025-03-23T19:36:41.069+0000] {logging_mixin.py:190} INFO - [2025-03-23T19:36:41.069+0000] {dag.py:3239} INFO - Sync 1 DAGs
[2025-03-23T19:36:41.100+0000] {logging_mixin.py:190} INFO - [2025-03-23T19:36:41.100+0000] {dag.py:4180} INFO - Setting next_dagrun for data_pipeline to 2025-03-23 20:00:00+00:00, run_after=2025-03-23 21:00:00+00:00
[2025-03-23T19:36:41.151+0000] {processor.py:208} INFO - Processing /opt/airflow/dags/data_pipeline.py took 0.402 seconds
[2025-03-23T19:37:12.223+0000] {processor.py:186} INFO - Started process (PID=315) to work on /opt/airflow/dags/data_pipeline.py
[2025-03-23T19:37:12.225+0000] {processor.py:914} INFO - Processing file /opt/airflow/dags/data_pipeline.py for tasks to queue
[2025-03-23T19:37:12.229+0000] {logging_mixin.py:190} INFO - [2025-03-23T19:37:12.228+0000] {dagbag.py:588} INFO - Filling up the DagBag from /opt/airflow/dags/data_pipeline.py
[2025-03-23T19:37:12.305+0000] {logging_mixin.py:190} INFO - [2025-03-23T19:37:12.254+0000] {data_pipeline.py:114} INFO - Airflow DAG setup complete.
[2025-03-23T19:37:12.323+0000] {processor.py:925} INFO - DAG(s) 'data_pipeline' retrieved from /opt/airflow/dags/data_pipeline.py
[2025-03-23T19:37:12.645+0000] {logging_mixin.py:190} INFO - [2025-03-23T19:37:12.645+0000] {dag.py:3239} INFO - Sync 1 DAGs
[2025-03-23T19:37:12.686+0000] {logging_mixin.py:190} INFO - [2025-03-23T19:37:12.685+0000] {dag.py:4180} INFO - Setting next_dagrun for data_pipeline to 2025-03-23 20:00:00+00:00, run_after=2025-03-23 21:00:00+00:00
[2025-03-23T19:37:12.727+0000] {processor.py:208} INFO - Processing /opt/airflow/dags/data_pipeline.py took 0.515 seconds
[2025-03-23T19:37:18.435+0000] {processor.py:186} INFO - Started process (PID=316) to work on /opt/airflow/dags/data_pipeline.py
[2025-03-23T19:37:18.437+0000] {processor.py:914} INFO - Processing file /opt/airflow/dags/data_pipeline.py for tasks to queue
[2025-03-23T19:37:18.444+0000] {logging_mixin.py:190} INFO - [2025-03-23T19:37:18.443+0000] {dagbag.py:588} INFO - Filling up the DagBag from /opt/airflow/dags/data_pipeline.py
[2025-03-23T19:37:18.489+0000] {logging_mixin.py:190} INFO - [2025-03-23T19:37:18.489+0000] {data_pipeline.py:114} INFO - Airflow DAG setup complete.
[2025-03-23T19:37:18.495+0000] {processor.py:925} INFO - DAG(s) 'data_pipeline' retrieved from /opt/airflow/dags/data_pipeline.py
[2025-03-23T19:37:18.513+0000] {logging_mixin.py:190} INFO - [2025-03-23T19:37:18.513+0000] {dag.py:3239} INFO - Sync 1 DAGs
[2025-03-23T19:37:18.582+0000] {logging_mixin.py:190} INFO - [2025-03-23T19:37:18.581+0000] {dag.py:4180} INFO - Setting next_dagrun for data_pipeline to 2025-03-23 20:00:00+00:00, run_after=2025-03-23 21:00:00+00:00
[2025-03-23T19:37:18.985+0000] {processor.py:208} INFO - Processing /opt/airflow/dags/data_pipeline.py took 0.569 seconds
[2025-03-23T19:38:01.808+0000] {processor.py:186} INFO - Started process (PID=335) to work on /opt/airflow/dags/data_pipeline.py
[2025-03-23T19:38:01.810+0000] {processor.py:914} INFO - Processing file /opt/airflow/dags/data_pipeline.py for tasks to queue
[2025-03-23T19:38:01.815+0000] {logging_mixin.py:190} INFO - [2025-03-23T19:38:01.814+0000] {dagbag.py:588} INFO - Filling up the DagBag from /opt/airflow/dags/data_pipeline.py
[2025-03-23T19:38:01.850+0000] {logging_mixin.py:190} INFO - [2025-03-23T19:38:01.849+0000] {data_pipeline.py:114} INFO - Airflow DAG setup complete.
[2025-03-23T19:38:01.863+0000] {processor.py:925} INFO - DAG(s) 'data_pipeline' retrieved from /opt/airflow/dags/data_pipeline.py
[2025-03-23T19:38:02.173+0000] {logging_mixin.py:190} INFO - [2025-03-23T19:38:02.173+0000] {dag.py:3239} INFO - Sync 1 DAGs
[2025-03-23T19:38:02.192+0000] {logging_mixin.py:190} INFO - [2025-03-23T19:38:02.191+0000] {dag.py:3262} INFO - Creating ORM DAG for data_pipeline
[2025-03-23T19:38:02.208+0000] {logging_mixin.py:190} INFO - [2025-03-23T19:38:02.208+0000] {dag.py:4180} INFO - Setting next_dagrun for data_pipeline to 2025-03-23 20:00:00+00:00, run_after=2025-03-23 21:00:00+00:00
[2025-03-23T19:38:02.251+0000] {processor.py:208} INFO - Processing /opt/airflow/dags/data_pipeline.py took 0.470 seconds
[2025-03-23T19:38:32.743+0000] {processor.py:186} INFO - Started process (PID=336) to work on /opt/airflow/dags/data_pipeline.py
[2025-03-23T19:38:32.744+0000] {processor.py:914} INFO - Processing file /opt/airflow/dags/data_pipeline.py for tasks to queue
[2025-03-23T19:38:32.747+0000] {logging_mixin.py:190} INFO - [2025-03-23T19:38:32.747+0000] {dagbag.py:588} INFO - Filling up the DagBag from /opt/airflow/dags/data_pipeline.py
[2025-03-23T19:38:32.772+0000] {logging_mixin.py:190} INFO - [2025-03-23T19:38:32.771+0000] {data_pipeline.py:114} INFO - Airflow DAG setup complete.
[2025-03-23T19:38:32.776+0000] {processor.py:925} INFO - DAG(s) 'data_pipeline' retrieved from /opt/airflow/dags/data_pipeline.py
[2025-03-23T19:38:32.916+0000] {logging_mixin.py:190} INFO - [2025-03-23T19:38:32.916+0000] {dag.py:3239} INFO - Sync 1 DAGs
[2025-03-23T19:38:32.944+0000] {logging_mixin.py:190} INFO - [2025-03-23T19:38:32.944+0000] {dag.py:4180} INFO - Setting next_dagrun for data_pipeline to 2025-03-23 20:00:00+00:00, run_after=2025-03-23 21:00:00+00:00
[2025-03-23T19:38:33.005+0000] {processor.py:208} INFO - Processing /opt/airflow/dags/data_pipeline.py took 0.270 seconds
[2025-03-23T19:39:03.250+0000] {processor.py:186} INFO - Started process (PID=337) to work on /opt/airflow/dags/data_pipeline.py
[2025-03-23T19:39:03.252+0000] {processor.py:914} INFO - Processing file /opt/airflow/dags/data_pipeline.py for tasks to queue
[2025-03-23T19:39:03.255+0000] {logging_mixin.py:190} INFO - [2025-03-23T19:39:03.254+0000] {dagbag.py:588} INFO - Filling up the DagBag from /opt/airflow/dags/data_pipeline.py
[2025-03-23T19:39:03.278+0000] {logging_mixin.py:190} INFO - [2025-03-23T19:39:03.278+0000] {data_pipeline.py:114} INFO - Airflow DAG setup complete.
[2025-03-23T19:39:03.282+0000] {processor.py:925} INFO - DAG(s) 'data_pipeline' retrieved from /opt/airflow/dags/data_pipeline.py
[2025-03-23T19:39:03.447+0000] {logging_mixin.py:190} INFO - [2025-03-23T19:39:03.447+0000] {dag.py:3239} INFO - Sync 1 DAGs
[2025-03-23T19:39:03.474+0000] {logging_mixin.py:190} INFO - [2025-03-23T19:39:03.474+0000] {dag.py:4180} INFO - Setting next_dagrun for data_pipeline to 2025-03-23 20:00:00+00:00, run_after=2025-03-23 21:00:00+00:00
[2025-03-23T19:39:03.531+0000] {processor.py:208} INFO - Processing /opt/airflow/dags/data_pipeline.py took 0.288 seconds
[2025-03-23T19:39:33.906+0000] {processor.py:186} INFO - Started process (PID=338) to work on /opt/airflow/dags/data_pipeline.py
[2025-03-23T19:39:33.919+0000] {processor.py:914} INFO - Processing file /opt/airflow/dags/data_pipeline.py for tasks to queue
[2025-03-23T19:39:33.954+0000] {logging_mixin.py:190} INFO - [2025-03-23T19:39:33.949+0000] {dagbag.py:588} INFO - Filling up the DagBag from /opt/airflow/dags/data_pipeline.py
[2025-03-23T19:39:34.112+0000] {logging_mixin.py:190} INFO - [2025-03-23T19:39:34.111+0000] {data_pipeline.py:114} INFO - Airflow DAG setup complete.
[2025-03-23T19:39:34.168+0000] {processor.py:925} INFO - DAG(s) 'data_pipeline' retrieved from /opt/airflow/dags/data_pipeline.py
[2025-03-23T19:39:34.743+0000] {logging_mixin.py:190} INFO - [2025-03-23T19:39:34.742+0000] {dag.py:3239} INFO - Sync 1 DAGs
[2025-03-23T19:39:34.798+0000] {logging_mixin.py:190} INFO - [2025-03-23T19:39:34.798+0000] {dag.py:4180} INFO - Setting next_dagrun for data_pipeline to 2025-03-23 20:00:00+00:00, run_after=2025-03-23 21:00:00+00:00
[2025-03-23T19:39:34.885+0000] {processor.py:208} INFO - Processing /opt/airflow/dags/data_pipeline.py took 1.071 seconds
[2025-03-23T19:40:05.879+0000] {processor.py:186} INFO - Started process (PID=339) to work on /opt/airflow/dags/data_pipeline.py
[2025-03-23T19:40:05.882+0000] {processor.py:914} INFO - Processing file /opt/airflow/dags/data_pipeline.py for tasks to queue
[2025-03-23T19:40:05.887+0000] {logging_mixin.py:190} INFO - [2025-03-23T19:40:05.886+0000] {dagbag.py:588} INFO - Filling up the DagBag from /opt/airflow/dags/data_pipeline.py
[2025-03-23T19:40:05.922+0000] {logging_mixin.py:190} INFO - [2025-03-23T19:40:05.921+0000] {data_pipeline.py:114} INFO - Airflow DAG setup complete.
[2025-03-23T19:40:05.927+0000] {processor.py:925} INFO - DAG(s) 'data_pipeline' retrieved from /opt/airflow/dags/data_pipeline.py
[2025-03-23T19:40:06.098+0000] {logging_mixin.py:190} INFO - [2025-03-23T19:40:06.098+0000] {dag.py:3239} INFO - Sync 1 DAGs
[2025-03-23T19:40:06.123+0000] {logging_mixin.py:190} INFO - [2025-03-23T19:40:06.123+0000] {dag.py:4180} INFO - Setting next_dagrun for data_pipeline to 2025-03-23 20:00:00+00:00, run_after=2025-03-23 21:00:00+00:00
[2025-03-23T19:40:06.157+0000] {processor.py:208} INFO - Processing /opt/airflow/dags/data_pipeline.py took 0.298 seconds
[2025-03-23T19:40:36.612+0000] {processor.py:186} INFO - Started process (PID=340) to work on /opt/airflow/dags/data_pipeline.py
[2025-03-23T19:40:36.627+0000] {processor.py:914} INFO - Processing file /opt/airflow/dags/data_pipeline.py for tasks to queue
[2025-03-23T19:40:36.659+0000] {logging_mixin.py:190} INFO - [2025-03-23T19:40:36.655+0000] {dagbag.py:588} INFO - Filling up the DagBag from /opt/airflow/dags/data_pipeline.py
[2025-03-23T19:40:36.694+0000] {logging_mixin.py:190} INFO - [2025-03-23T19:40:36.694+0000] {data_pipeline.py:114} INFO - Airflow DAG setup complete.
[2025-03-23T19:40:36.700+0000] {processor.py:925} INFO - DAG(s) 'data_pipeline' retrieved from /opt/airflow/dags/data_pipeline.py
[2025-03-23T19:40:36.858+0000] {logging_mixin.py:190} INFO - [2025-03-23T19:40:36.858+0000] {dag.py:3239} INFO - Sync 1 DAGs
[2025-03-23T19:40:36.897+0000] {logging_mixin.py:190} INFO - [2025-03-23T19:40:36.897+0000] {dag.py:4180} INFO - Setting next_dagrun for data_pipeline to 2025-03-23 20:00:00+00:00, run_after=2025-03-23 21:00:00+00:00
[2025-03-23T19:40:36.936+0000] {processor.py:208} INFO - Processing /opt/airflow/dags/data_pipeline.py took 0.404 seconds
[2025-03-23T19:40:42.287+0000] {processor.py:186} INFO - Started process (PID=341) to work on /opt/airflow/dags/data_pipeline.py
[2025-03-23T19:40:42.379+0000] {processor.py:914} INFO - Processing file /opt/airflow/dags/data_pipeline.py for tasks to queue
[2025-03-23T19:40:42.531+0000] {logging_mixin.py:190} INFO - [2025-03-23T19:40:42.502+0000] {dagbag.py:588} INFO - Filling up the DagBag from /opt/airflow/dags/data_pipeline.py
[2025-03-23T19:40:42.832+0000] {logging_mixin.py:190} INFO - [2025-03-23T19:40:42.832+0000] {data_pipeline.py:114} INFO - Airflow DAG setup complete.
[2025-03-23T19:40:42.849+0000] {processor.py:925} INFO - DAG(s) 'data_pipeline' retrieved from /opt/airflow/dags/data_pipeline.py
[2025-03-23T19:40:42.876+0000] {logging_mixin.py:190} INFO - [2025-03-23T19:40:42.875+0000] {dag.py:3239} INFO - Sync 1 DAGs
[2025-03-23T19:40:42.927+0000] {logging_mixin.py:190} INFO - [2025-03-23T19:40:42.926+0000] {dag.py:4180} INFO - Setting next_dagrun for data_pipeline to None, run_after=None
[2025-03-23T19:40:43.035+0000] {processor.py:208} INFO - Processing /opt/airflow/dags/data_pipeline.py took 1.255 seconds
[2025-03-23T19:42:03.509+0000] {processor.py:186} INFO - Started process (PID=360) to work on /opt/airflow/dags/data_pipeline.py
[2025-03-23T19:42:03.522+0000] {processor.py:914} INFO - Processing file /opt/airflow/dags/data_pipeline.py for tasks to queue
[2025-03-23T19:42:03.545+0000] {logging_mixin.py:190} INFO - [2025-03-23T19:42:03.543+0000] {dagbag.py:588} INFO - Filling up the DagBag from /opt/airflow/dags/data_pipeline.py
[2025-03-23T19:42:03.617+0000] {logging_mixin.py:190} INFO - [2025-03-23T19:42:03.616+0000] {data_pipeline.py:114} INFO - Airflow DAG setup complete.
[2025-03-23T19:42:03.637+0000] {processor.py:925} INFO - DAG(s) 'data_pipeline' retrieved from /opt/airflow/dags/data_pipeline.py
[2025-03-23T19:42:04.153+0000] {logging_mixin.py:190} INFO - [2025-03-23T19:42:04.153+0000] {dag.py:3239} INFO - Sync 1 DAGs
[2025-03-23T19:42:04.199+0000] {logging_mixin.py:190} INFO - [2025-03-23T19:42:04.199+0000] {dag.py:3262} INFO - Creating ORM DAG for data_pipeline
[2025-03-23T19:42:04.204+0000] {logging_mixin.py:190} INFO - [2025-03-23T19:42:04.203+0000] {dag.py:4180} INFO - Setting next_dagrun for data_pipeline to None, run_after=None
[2025-03-23T19:42:04.270+0000] {processor.py:208} INFO - Processing /opt/airflow/dags/data_pipeline.py took 0.821 seconds
[2025-03-23T19:42:35.037+0000] {processor.py:186} INFO - Started process (PID=361) to work on /opt/airflow/dags/data_pipeline.py
[2025-03-23T19:42:35.039+0000] {processor.py:914} INFO - Processing file /opt/airflow/dags/data_pipeline.py for tasks to queue
[2025-03-23T19:42:35.045+0000] {logging_mixin.py:190} INFO - [2025-03-23T19:42:35.044+0000] {dagbag.py:588} INFO - Filling up the DagBag from /opt/airflow/dags/data_pipeline.py
[2025-03-23T19:42:35.083+0000] {logging_mixin.py:190} INFO - [2025-03-23T19:42:35.082+0000] {data_pipeline.py:114} INFO - Airflow DAG setup complete.
[2025-03-23T19:42:35.104+0000] {processor.py:925} INFO - DAG(s) 'data_pipeline' retrieved from /opt/airflow/dags/data_pipeline.py
[2025-03-23T19:42:35.444+0000] {logging_mixin.py:190} INFO - [2025-03-23T19:42:35.444+0000] {dag.py:3239} INFO - Sync 1 DAGs
[2025-03-23T19:42:35.498+0000] {logging_mixin.py:190} INFO - [2025-03-23T19:42:35.497+0000] {dag.py:4180} INFO - Setting next_dagrun for data_pipeline to None, run_after=None
[2025-03-23T19:42:35.573+0000] {processor.py:208} INFO - Processing /opt/airflow/dags/data_pipeline.py took 0.557 seconds
[2025-03-23T19:42:47.389+0000] {processor.py:186} INFO - Started process (PID=362) to work on /opt/airflow/dags/data_pipeline.py
[2025-03-23T19:42:47.399+0000] {processor.py:914} INFO - Processing file /opt/airflow/dags/data_pipeline.py for tasks to queue
[2025-03-23T19:42:47.421+0000] {logging_mixin.py:190} INFO - [2025-03-23T19:42:47.418+0000] {dagbag.py:588} INFO - Filling up the DagBag from /opt/airflow/dags/data_pipeline.py
[2025-03-23T19:42:47.630+0000] {logging_mixin.py:190} INFO - [2025-03-23T19:42:47.630+0000] {data_pipeline.py:114} INFO - Airflow DAG setup complete.
[2025-03-23T19:42:47.665+0000] {processor.py:925} INFO - DAG(s) 'data_pipeline' retrieved from /opt/airflow/dags/data_pipeline.py
[2025-03-23T19:42:47.807+0000] {logging_mixin.py:190} INFO - [2025-03-23T19:42:47.807+0000] {dag.py:3239} INFO - Sync 1 DAGs
[2025-03-23T19:42:48.150+0000] {logging_mixin.py:190} INFO - [2025-03-23T19:42:48.150+0000] {dag.py:4180} INFO - Setting next_dagrun for data_pipeline to 2025-03-23 20:00:00+00:00, run_after=2025-03-23 21:00:00+00:00
[2025-03-23T19:42:48.265+0000] {processor.py:208} INFO - Processing /opt/airflow/dags/data_pipeline.py took 0.935 seconds
[2025-03-23T19:43:44.017+0000] {processor.py:186} INFO - Started process (PID=381) to work on /opt/airflow/dags/data_pipeline.py
[2025-03-23T19:43:44.020+0000] {processor.py:914} INFO - Processing file /opt/airflow/dags/data_pipeline.py for tasks to queue
[2025-03-23T19:43:44.031+0000] {logging_mixin.py:190} INFO - [2025-03-23T19:43:44.029+0000] {dagbag.py:588} INFO - Filling up the DagBag from /opt/airflow/dags/data_pipeline.py
[2025-03-23T19:43:44.072+0000] {logging_mixin.py:190} INFO - [2025-03-23T19:43:44.072+0000] {data_pipeline.py:114} INFO - Airflow DAG setup complete.
[2025-03-23T19:43:44.087+0000] {processor.py:925} INFO - DAG(s) 'data_pipeline' retrieved from /opt/airflow/dags/data_pipeline.py
[2025-03-23T19:43:44.443+0000] {logging_mixin.py:190} INFO - [2025-03-23T19:43:44.442+0000] {dag.py:3239} INFO - Sync 1 DAGs
[2025-03-23T19:43:44.465+0000] {logging_mixin.py:190} INFO - [2025-03-23T19:43:44.464+0000] {dag.py:3262} INFO - Creating ORM DAG for data_pipeline
[2025-03-23T19:43:44.490+0000] {logging_mixin.py:190} INFO - [2025-03-23T19:43:44.490+0000] {dag.py:4180} INFO - Setting next_dagrun for data_pipeline to 2025-03-23 20:00:00+00:00, run_after=2025-03-23 21:00:00+00:00
[2025-03-23T19:43:44.538+0000] {processor.py:208} INFO - Processing /opt/airflow/dags/data_pipeline.py took 0.539 seconds
